0 info it worked if it ends with ok
1 verbose cli [ '/usr/bin/nodejs', '/usr/bin/npm', 'install', 'webpack', '-g' ]
2 info using npm@2.14.7
3 info using node@v4.2.2
4 verbose install initial load of /usr/lib/package.json
5 verbose readDependencies loading dependencies from /usr/lib/package.json
6 silly cache add args [ 'webpack', null ]
7 verbose cache add spec webpack
8 silly cache add parsed spec Result {
8 silly cache add   raw: 'webpack',
8 silly cache add   scope: null,
8 silly cache add   name: 'webpack',
8 silly cache add   rawSpec: '',
8 silly cache add   spec: '*',
8 silly cache add   type: 'range' }
9 silly addNamed webpack@*
10 verbose addNamed "*" is a valid semver range for webpack
11 silly addNameRange { name: 'webpack', range: '*', hasData: false }
12 silly mapToRegistry name webpack
13 silly mapToRegistry using default registry
14 silly mapToRegistry registry https://registry.npmjs.org/
15 silly mapToRegistry uri https://registry.npmjs.org/webpack
16 verbose addNameRange registry:https://registry.npmjs.org/webpack not in flight; fetching
17 verbose request uri https://registry.npmjs.org/webpack
18 verbose request no auth needed
19 info attempt registry request try #1 at 07:55:44
20 verbose request id afe5a6be35dcb309
21 verbose etag "9OSVJUI6DWVO8IY3MU0AIJJB"
22 http request GET https://registry.npmjs.org/webpack
23 http 304 https://registry.npmjs.org/webpack
24 verbose headers { date: 'Thu, 03 Dec 2015 14:55:44 GMT',
24 verbose headers   via: '1.1 varnish',
24 verbose headers   'cache-control': 'max-age=60',
24 verbose headers   etag: '"9OSVJUI6DWVO8IY3MU0AIJJB"',
24 verbose headers   age: '0',
24 verbose headers   connection: 'keep-alive',
24 verbose headers   'x-served-by': 'cache-lax1435-LAX',
24 verbose headers   'x-cache': 'HIT',
24 verbose headers   'x-cache-hits': '1',
24 verbose headers   'x-timer': 'S1449154544.616965,VS0,VE281',
24 verbose headers   vary: 'Accept' }
25 silly get cb [ 304,
25 silly get   { date: 'Thu, 03 Dec 2015 14:55:44 GMT',
25 silly get     via: '1.1 varnish',
25 silly get     'cache-control': 'max-age=60',
25 silly get     etag: '"9OSVJUI6DWVO8IY3MU0AIJJB"',
25 silly get     age: '0',
25 silly get     connection: 'keep-alive',
25 silly get     'x-served-by': 'cache-lax1435-LAX',
25 silly get     'x-cache': 'HIT',
25 silly get     'x-cache-hits': '1',
25 silly get     'x-timer': 'S1449154544.616965,VS0,VE281',
25 silly get     vary: 'Accept' } ]
26 verbose etag https://registry.npmjs.org/webpack from cache
27 verbose get saving webpack to /home/depperm/.npm/registry.npmjs.org/webpack/.cache.json
28 silly addNameRange number 2 { name: 'webpack', range: '*', hasData: true }
29 silly addNameRange versions [ 'webpack',
29 silly addNameRange   [ '0.1.0',
29 silly addNameRange     '0.1.1',
29 silly addNameRange     '0.1.2',
29 silly addNameRange     '0.1.3',
29 silly addNameRange     '0.1.4',
29 silly addNameRange     '0.1.5',
29 silly addNameRange     '0.1.6',
29 silly addNameRange     '0.2.0',
29 silly addNameRange     '0.2.1',
29 silly addNameRange     '0.2.2',
29 silly addNameRange     '0.2.3',
29 silly addNameRange     '0.2.4',
29 silly addNameRange     '0.2.6',
29 silly addNameRange     '0.2.7',
29 silly addNameRange     '0.2.8',
29 silly addNameRange     '0.3.0',
29 silly addNameRange     '0.3.1',
29 silly addNameRange     '0.3.2',
29 silly addNameRange     '0.3.3',
29 silly addNameRange     '0.3.4',
29 silly addNameRange     '0.3.6',
29 silly addNameRange     '0.3.7',
29 silly addNameRange     '0.3.8',
29 silly addNameRange     '0.3.9',
29 silly addNameRange     '0.3.10',
29 silly addNameRange     '0.3.11',
29 silly addNameRange     '0.3.12',
29 silly addNameRange     '0.3.13',
29 silly addNameRange     '0.3.14',
29 silly addNameRange     '0.3.15',
29 silly addNameRange     '0.3.16',
29 silly addNameRange     '0.3.17',
29 silly addNameRange     '0.3.18',
29 silly addNameRange     '0.3.19',
29 silly addNameRange     '0.3.20',
29 silly addNameRange     '0.4.0',
29 silly addNameRange     '0.4.1',
29 silly addNameRange     '0.4.2',
29 silly addNameRange     '0.4.3',
29 silly addNameRange     '0.4.4',
29 silly addNameRange     '0.4.5',
29 silly addNameRange     '0.4.6',
29 silly addNameRange     '0.4.7',
29 silly addNameRange     '0.4.8',
29 silly addNameRange     '0.4.9',
29 silly addNameRange     '0.4.10',
29 silly addNameRange     '0.4.11',
29 silly addNameRange     '0.4.12',
29 silly addNameRange     '0.4.13',
29 silly addNameRange     '0.4.14',
29 silly addNameRange     '0.4.15',
29 silly addNameRange     '0.4.16',
29 silly addNameRange     '0.4.17',
29 silly addNameRange     '0.4.18',
29 silly addNameRange     '0.4.19',
29 silly addNameRange     '0.4.20',
29 silly addNameRange     '0.4.21',
29 silly addNameRange     '0.4.23',
29 silly addNameRange     '0.4.24',
29 silly addNameRange     '0.4.25',
29 silly addNameRange     '0.5.0',
29 silly addNameRange     '0.5.1',
29 silly addNameRange     '0.5.2',
29 silly addNameRange     '0.5.3',
29 silly addNameRange     '0.5.4',
29 silly addNameRange     '0.5.5',
29 silly addNameRange     '0.5.6',
29 silly addNameRange     '0.5.7',
29 silly addNameRange     '0.5.8',
29 silly addNameRange     '0.5.10',
29 silly addNameRange     '0.6.0',
29 silly addNameRange     '0.6.1',
29 silly addNameRange     '0.6.2',
29 silly addNameRange     '0.7.0-beta',
29 silly addNameRange     '0.7.0-beta2',
29 silly addNameRange     '0.7.0-beta3',
29 silly addNameRange     '0.7.0-beta4',
29 silly addNameRange     '0.7.0-beta5',
29 silly addNameRange     '0.7.0-beta6',
29 silly addNameRange     '0.7.0-beta7',
29 silly addNameRange     '0.7.0-beta8',
29 silly addNameRange     '0.7.0',
29 silly addNameRange     '0.7.1',
29 silly addNameRange     '0.7.2',
29 silly addNameRange     '0.7.3',
29 silly addNameRange     '0.7.4',
29 silly addNameRange     '0.7.5',
29 silly addNameRange     '0.7.6',
29 silly addNameRange     '0.7.7',
29 silly addNameRange     '0.7.8',
29 silly addNameRange     '0.7.9',
29 silly addNameRange     '0.7.11',
29 silly addNameRange     '0.7.12',
29 silly addNameRange     '0.7.13',
29 silly addNameRange     '0.7.14',
29 silly addNameRange     '0.7.15',
29 silly addNameRange     '0.7.16',
29 silly addNameRange     '0.7.17',
29 silly addNameRange     '0.8.0-beta1',
29 silly addNameRange     '0.8.0-beta2',
29 silly addNameRange     '0.8.0-beta3',
29 silly addNameRange     '0.8.0-beta4',
29 silly addNameRange     '0.8.0',
29 silly addNameRange     '0.8.2',
29 silly addNameRange     '0.8.3',
29 silly addNameRange     '0.9.0-beta1',
29 silly addNameRange     '0.9.0-beta2',
29 silly addNameRange     '0.9.0-beta4',
29 silly addNameRange     '0.9.0-beta5',
29 silly addNameRange     '0.9.0-beta6',
29 silly addNameRange     '0.9.0-beta7',
29 silly addNameRange     '0.9.0-beta8',
29 silly addNameRange     '0.9.0-beta9',
29 silly addNameRange     '0.9.0-beta10',
29 silly addNameRange     '0.9.0-beta11',
29 silly addNameRange     '0.9.0-beta12',
29 silly addNameRange     '0.9.0-beta13',
29 silly addNameRange     '0.9.0-beta14',
29 silly addNameRange     '0.9.0-beta15',
29 silly addNameRange     '0.9.0-beta16',
29 silly addNameRange     '0.9.0-beta17',
29 silly addNameRange     '0.9.0-beta18',
29 silly addNameRange     '0.9.0-beta19',
29 silly addNameRange     '0.9.0-beta20',
29 silly addNameRange     '0.9.0-beta21',
29 silly addNameRange     '0.9.0-beta22',
29 silly addNameRange     '0.9.0-beta23',
29 silly addNameRange     '0.9.0-beta24',
29 silly addNameRange     '0.9.0-beta25',
29 silly addNameRange     '0.9.0-beta26',
29 silly addNameRange     '0.9.0-beta27',
29 silly addNameRange     '0.9.0-beta28',
29 silly addNameRange     '0.9.0-beta29',
29 silly addNameRange     '0.9.0-beta30',
29 silly addNameRange     '0.9.0-beta31',
29 silly addNameRange     '0.9.0-beta32',
29 silly addNameRange     '0.9.0-beta33',
29 silly addNameRange     '0.9.0-beta34',
29 silly addNameRange     '0.9.0-beta35',
29 silly addNameRange     '0.9.0-beta36',
29 silly addNameRange     '0.9.0-beta37',
29 silly addNameRange     '0.9.0-beta38',
29 silly addNameRange     '0.9.0',
29 silly addNameRange     '0.9.1',
29 silly addNameRange     '0.9.2',
29 silly addNameRange     '0.9.3',
29 silly addNameRange     '0.10.0-beta2',
29 silly addNameRange     '0.10.0-beta3',
29 silly addNameRange     '0.10.0-beta5',
29 silly addNameRange     '0.10.0-beta6',
29 silly addNameRange     '0.10.0-beta7',
29 silly addNameRange     '0.10.0-beta8',
29 silly addNameRange     '0.10.0-beta9',
29 silly addNameRange     '0.10.0-beta10',
29 silly addNameRange     '0.10.0-beta11',
29 silly addNameRange     '0.10.0-beta12',
29 silly addNameRange     '0.10.0-beta13',
29 silly addNameRange     '0.10.0-beta14',
29 silly addNameRange     '0.10.0-beta15',
29 silly addNameRange     '0.10.0-beta16',
29 silly addNameRange     '0.10.0-beta17',
29 silly addNameRange     '0.10.0-beta18',
29 silly addNameRange     '0.10.0-beta19',
29 silly addNameRange     '0.10.0-beta20',
29 silly addNameRange     '0.10.0-beta21',
29 silly addNameRange     '0.10.0-beta22',
29 silly addNameRange     '0.10.0-beta23',
29 silly addNameRange     '0.10.0-beta24',
29 silly addNameRange     '0.10.0-beta25',
29 silly addNameRange     '0.10.0',
29 silly addNameRange     '0.11.0-beta1',
29 silly addNameRange     '0.11.0-beta2',
29 silly addNameRange     '0.11.0-beta3',
29 silly addNameRange     '0.11.0-beta4',
29 silly addNameRange     '0.11.0-beta5',
29 silly addNameRange     '0.11.0-beta6',
29 silly addNameRange     '0.11.0-beta7',
29 silly addNameRange     '0.11.0-beta8',
29 silly addNameRange     '0.11.0-beta9',
29 silly addNameRange     '0.11.0-beta10',
29 silly addNameRange     '0.11.0-beta11',
29 silly addNameRange     '0.11.0-beta12',
29 silly addNameRange     '0.11.0-beta13',
29 silly addNameRange     '0.11.0-beta14',
29 silly addNameRange     '0.11.0-beta15',
29 silly addNameRange     '0.11.0-beta16',
29 silly addNameRange     '0.11.0-beta17',
29 silly addNameRange     '0.11.0-beta18',
29 silly addNameRange     '0.11.0-beta19',
29 silly addNameRange     '0.11.0-beta20',
29 silly addNameRange     '0.11.0-beta21',
29 silly addNameRange     '0.11.0-beta22',
29 silly addNameRange     '0.11.0-beta23',
29 silly addNameRange     '0.11.0-beta24',
29 silly addNameRange     '0.11.0-beta25',
29 silly addNameRange     '0.11.0-beta26',
29 silly addNameRange     '0.11.0-beta27',
29 silly addNameRange     '0.11.0-beta28',
29 silly addNameRange     '0.11.0-beta29',
29 silly addNameRange     '0.11.0',
29 silly addNameRange     '0.11.1',
29 silly addNameRange     '0.11.2',
29 silly addNameRange     '0.11.3',
29 silly addNameRange     '0.11.4',
29 silly addNameRange     '0.11.5',
29 silly addNameRange     '0.11.6',
29 silly addNameRange     '0.11.7',
29 silly addNameRange     '0.11.8',
29 silly addNameRange     '0.11.9',
29 silly addNameRange     '0.11.10',
29 silly addNameRange     '0.11.11',
29 silly addNameRange     '0.11.12',
29 silly addNameRange     '0.11.13',
29 silly addNameRange     '0.11.14',
29 silly addNameRange     '0.11.15',
29 silly addNameRange     '1.0.0-beta1',
29 silly addNameRange     '1.0.0-beta2',
29 silly addNameRange     '1.0.0-beta3',
29 silly addNameRange     '1.0.0-beta4',
29 silly addNameRange     '0.11.16',
29 silly addNameRange     '0.11.17',
29 silly addNameRange     '0.11.18',
29 silly addNameRange     '1.0.0-beta5',
29 silly addNameRange     '1.0.0-beta6',
29 silly addNameRange     '1.0.0-beta7',
29 silly addNameRange     '1.0.0-beta8',
29 silly addNameRange     '1.0.0-beta9',
29 silly addNameRange     '1.0.0-rc1',
29 silly addNameRange     '1.0.0-rc2',
29 silly addNameRange     '1.0.0-rc3',
29 silly addNameRange     '1.0.0-rc4',
29 silly addNameRange     '1.0.0-rc5',
29 silly addNameRange     '1.0.0-rc7',
29 silly addNameRange     '1.0.0-rc8',
29 silly addNameRange     '1.0.0-rc9',
29 silly addNameRange     '1.0.0-rc11',
29 silly addNameRange     '1.0.0-rc12',
29 silly addNameRange     '1.0.0',
29 silly addNameRange     '1.0.1',
29 silly addNameRange     '1.0.3',
29 silly addNameRange     '1.0.4',
29 silly addNameRange     '1.0.5',
29 silly addNameRange     '1.1.0-beta1',
29 silly addNameRange     '1.1.0-beta2',
29 silly addNameRange     '1.1.0-beta3',
29 silly addNameRange     '1.1.0-beta4',
29 silly addNameRange     '1.1.0-beta5',
29 silly addNameRange     '1.1.0-beta6',
29 silly addNameRange     '1.1.0-beta7',
29 silly addNameRange     '1.1.0-beta8',
29 silly addNameRange     '1.1.0-beta9',
29 silly addNameRange     '1.1.0-beta10',
29 silly addNameRange     '1.1.0-beta12',
29 silly addNameRange     '1.1.0',
29 silly addNameRange     '1.1.1',
29 silly addNameRange     '1.1.2',
29 silly addNameRange     '1.1.3',
29 silly addNameRange     '1.1.4',
29 silly addNameRange     '1.1.5',
29 silly addNameRange     '1.1.6',
29 silly addNameRange     '1.1.7',
29 silly addNameRange     '1.1.8',
29 silly addNameRange     '1.1.9',
29 silly addNameRange     '1.1.10',
29 silly addNameRange     '1.1.11',
29 silly addNameRange     '1.2.0-beta1',
29 silly addNameRange     '1.2.0-beta2',
29 silly addNameRange     '1.2.0-beta4',
29 silly addNameRange     '1.2.0-beta5',
29 silly addNameRange     '1.2.0-beta6',
29 silly addNameRange     '1.3.0-beta1',
29 silly addNameRange     '1.3.0-beta2',
29 silly addNameRange     '1.3.0-beta3',
29 silly addNameRange     '1.3.0-beta4',
29 silly addNameRange     '1.3.0-beta5',
29 silly addNameRange     '1.3.0-beta6',
29 silly addNameRange     '1.3.0-beta7',
29 silly addNameRange     '1.3.0-beta8',
29 silly addNameRange     '1.3.0-beta9',
29 silly addNameRange     '1.3.1-beta1',
29 silly addNameRange     '1.3.1-beta2',
29 silly addNameRange     '1.3.1-beta3',
29 silly addNameRange     '1.3.1-beta4',
29 silly addNameRange     '1.3.1-beta5',
29 silly addNameRange     '1.3.1-beta6',
29 silly addNameRange     '1.3.1-beta7',
29 silly addNameRange     '1.3.1-beta8',
29 silly addNameRange     '1.3.1-beta9',
29 silly addNameRange     '1.3.2-beta1',
29 silly addNameRange     '1.3.2-beta2',
29 silly addNameRange     '1.3.2-beta3',
29 silly addNameRange     '1.3.2-beta4',
29 silly addNameRange     '1.3.2-beta5',
29 silly addNameRange     '1.3.2-beta6',
29 silly addNameRange     '1.3.2-beta7',
29 silly addNameRange     '1.3.2-beta8',
29 silly addNameRange     '1.3.2-beta9',
29 silly addNameRange     '1.3.3-beta1',
29 silly addNameRange     '1.3.3-beta2',
29 silly addNameRange     '1.3.4',
29 silly addNameRange     '1.3.5',
29 silly addNameRange     '1.3.6',
29 silly addNameRange     '1.3.7',
29 silly addNameRange     '1.4.0-beta1',
29 silly addNameRange     '1.4.0-beta2',
29 silly addNameRange     '1.4.0-beta3',
29 silly addNameRange     '1.4.0-beta4',
29 silly addNameRange     '1.4.0-beta5',
29 silly addNameRange     '1.4.0-beta6',
29 silly addNameRange     '1.4.0-beta7',
29 silly addNameRange     '1.4.0-beta8',
29 silly addNameRange     '1.4.0-beta9',
29 silly addNameRange     '1.4.0-beta10',
29 silly addNameRange     '1.4.1-beta1',
29 silly addNameRange     '1.4.2',
29 silly addNameRange     '1.4.3',
29 silly addNameRange     '1.4.4',
29 silly addNameRange     '1.4.5',
29 silly addNameRange     '1.4.6',
29 silly addNameRange     '1.4.7',
29 silly addNameRange     '1.4.8',
29 silly addNameRange     '1.4.9',
29 silly addNameRange     '1.4.10',
29 silly addNameRange     '1.4.11',
29 silly addNameRange     '1.4.12',
29 silly addNameRange     '1.4.13',
29 silly addNameRange     '1.4.14',
29 silly addNameRange     '1.4.15',
29 silly addNameRange     '1.5.0',
29 silly addNameRange     '1.5.1',
29 silly addNameRange     '1.5.2',
29 silly addNameRange     '1.5.3',
29 silly addNameRange     '1.6.0',
29 silly addNameRange     '1.7.0',
29 silly addNameRange     '1.7.1',
29 silly addNameRange     '1.7.2',
29 silly addNameRange     '1.7.3',
29 silly addNameRange     '1.8.0',
29 silly addNameRange     '1.8.1',
29 silly addNameRange     '1.8.2',
29 silly addNameRange     '1.8.3',
29 silly addNameRange     '1.8.4',
29 silly addNameRange     '1.8.5',
29 silly addNameRange     '1.8.6',
29 silly addNameRange     '1.8.7',
29 silly addNameRange     '1.8.8',
29 silly addNameRange     '1.8.9',
29 silly addNameRange     '1.8.10',
29 silly addNameRange     '1.8.11',
29 silly addNameRange     '1.9.0',
29 silly addNameRange     '1.9.1',
29 silly addNameRange     '1.9.2',
29 silly addNameRange     '1.9.3',
29 silly addNameRange     '1.9.4',
29 silly addNameRange     '1.9.5',
29 silly addNameRange     '1.9.6',
29 silly addNameRange     '1.9.7',
29 silly addNameRange     '1.9.8',
29 silly addNameRange     '1.9.9',
29 silly addNameRange     '1.9.10',
29 silly addNameRange     '1.9.11',
29 silly addNameRange     '1.9.12',
29 silly addNameRange     '1.9.13',
29 silly addNameRange     '1.10.0',
29 silly addNameRange     '1.10.1',
29 silly addNameRange     '1.10.2',
29 silly addNameRange     '1.10.3',
29 silly addNameRange     '1.10.4',
29 silly addNameRange     '1.10.5',
29 silly addNameRange     '1.11.0',
29 silly addNameRange     '1.12.0',
29 silly addNameRange     '1.12.1',
29 silly addNameRange     '1.12.2',
29 silly addNameRange     '2.0.0-beta',
29 silly addNameRange     '1.12.3',
29 silly addNameRange     '1.12.4',
29 silly addNameRange     '1.12.5',
29 silly addNameRange     '1.12.6',
29 silly addNameRange     '1.12.7',
29 silly addNameRange     '1.12.8',
29 silly addNameRange     '1.12.9',
29 silly addNameRange     '2.0.1-beta' ] ]
30 silly addNamed webpack@1.12.9
31 verbose addNamed "1.12.9" is a plain semver version for webpack
32 silly cache afterAdd webpack@1.12.9
33 verbose afterAdd /home/depperm/.npm/webpack/1.12.9/package/package.json not in flight; writing
34 verbose afterAdd /home/depperm/.npm/webpack/1.12.9/package/package.json written
35 silly install resolved [ { name: 'webpack',
35 silly install resolved     version: '1.12.9',
35 silly install resolved     author: { name: 'Tobias Koppers @sokra' },
35 silly install resolved     description: 'Packs CommonJs/AMD modules for the browser. Allows to split your codebase into multiple bundles, which can be loaded on demand. Support loaders to preprocess files, i.e. json, jade, coffee, css, less, ... and your custom stuff.',
35 silly install resolved     dependencies:
35 silly install resolved      { async: '^1.3.0',
35 silly install resolved        clone: '^1.0.2',
35 silly install resolved        'enhanced-resolve': '~0.9.0',
35 silly install resolved        esprima: '^2.5.0',
35 silly install resolved        interpret: '^0.6.4',
35 silly install resolved        'loader-utils': '^0.2.11',
35 silly install resolved        'memory-fs': '~0.3.0',
35 silly install resolved        mkdirp: '~0.5.0',
35 silly install resolved        'node-libs-browser': '>= 0.4.0 <=0.6.0',
35 silly install resolved        optimist: '~0.6.0',
35 silly install resolved        'supports-color': '^3.1.0',
35 silly install resolved        tapable: '~0.1.8',
35 silly install resolved        'uglify-js': '~2.6.0',
35 silly install resolved        watchpack: '^0.2.1',
35 silly install resolved        'webpack-core': '~0.6.0' },
35 silly install resolved     license: 'MIT',
35 silly install resolved     devDependencies:
35 silly install resolved      { benchmark: '^1.0.0',
35 silly install resolved        'bundle-loader': '~0.5.0',
35 silly install resolved        'codecov.io': '^0.1.2',
35 silly install resolved        'coffee-loader': '~0.7.1',
35 silly install resolved        'coffee-script': '^1.10.0',
35 silly install resolved        'component-webpack-plugin': '~0.2.0',
35 silly install resolved        coveralls: '^2.11.2',
35 silly install resolved        'css-loader': '~0.15.0',
35 silly install resolved        diff: '^2.0.2',
35 silly install resolved        eslint: '^1.1.0',
35 silly install resolved        'eslint-plugin-nodeca': '^1.0.3',
35 silly install resolved        express: '~4.13.1',
35 silly install resolved        'extract-text-webpack-plugin': '~0.8.0',
35 silly install resolved        'file-loader': '~0.8.0',
35 silly install resolved        glob: '^5.0.14',
35 silly install resolved        'i18n-webpack-plugin': '~0.2.0',
35 silly install resolved        istanbul: '^0.3.13',
35 silly install resolved        jade: '^1.11.0',
35 silly install resolved        'jade-loader': '~0.7.0',
35 silly install resolved        'js-beautify': '^1.5.10',
35 silly install resolved        'json-loader': '~0.5.1',
35 silly install resolved        less: '^2.5.1',
35 silly install resolved        'less-loader': '^2.0.0',
35 silly install resolved        mocha: '~2.2.0',
35 silly install resolved        'mocha-lcov-reporter': '0.0.2',
35 silly install resolved        'raw-loader': '~0.5.0',
35 silly install resolved        'script-loader': '~0.6.0',
35 silly install resolved        should: '^7.0.2',
35 silly install resolved        'style-loader': '~0.12.0',
35 silly install resolved        'url-loader': '~0.5.0',
35 silly install resolved        'val-loader': '~0.5.0',
35 silly install resolved        'vm-browserify': '~0.0.0',
35 silly install resolved        'webpack-dev-middleware': '^1.0.0',
35 silly install resolved        'worker-loader': '~0.6.0' },
35 silly install resolved     engines: { node: '>=0.6' },
35 silly install resolved     repository:
35 silly install resolved      { type: 'git',
35 silly install resolved        url: 'git+https://github.com/webpack/webpack.git' },
35 silly install resolved     homepage: 'https://github.com/webpack/webpack',
35 silly install resolved     main: 'lib/webpack.js',
35 silly install resolved     web: 'lib/webpack.web.js',
35 silly install resolved     bin: { webpack: './bin/webpack.js' },
35 silly install resolved     files: [ 'lib/', 'bin/', 'buildin/', 'hot/', 'web_modules/' ],
35 silly install resolved     scripts:
35 silly install resolved      { pretest: 'npm run lint && npm run beautify-lint',
35 silly install resolved        test: 'mocha',
35 silly install resolved        travis: 'npm run cover -- --report lcovonly',
35 silly install resolved        lint: 'eslint lib bin hot scripts',
35 silly install resolved        'beautify-lint': 'node ./scripts/beautify-check',
35 silly install resolved        beautify: 'node ./scripts/beautify-rewrite',
35 silly install resolved        precover: 'npm run lint && npm run beautify-lint',
35 silly install resolved        cover: 'istanbul cover -x *.runtime.js node_modules/mocha/bin/_mocha',
35 silly install resolved        'publish-patch': 'npm run lint && npm run beautify-lint && mocha && npm version patch && git push && git push --tags && npm publish' },
35 silly install resolved     gitHead: '9766f2bde3c3f3e7b3b0e914c9cb81ea3a12e823',
35 silly install resolved     bugs: { url: 'https://github.com/webpack/webpack/issues' },
35 silly install resolved     _id: 'webpack@1.12.9',
35 silly install resolved     _shasum: '2a031d66189839cc5cbf2c68f80566da2e14ff4e',
35 silly install resolved     _from: 'webpack@*',
35 silly install resolved     _npmVersion: '2.10.1',
35 silly install resolved     _nodeVersion: '0.12.4',
35 silly install resolved     _npmUser: { name: 'sokra', email: 'tobias.koppers@googlemail.com' },
35 silly install resolved     maintainers: [ [Object] ],
35 silly install resolved     dist:
35 silly install resolved      { shasum: '2a031d66189839cc5cbf2c68f80566da2e14ff4e',
35 silly install resolved        tarball: 'http://registry.npmjs.org/webpack/-/webpack-1.12.9.tgz' },
35 silly install resolved     directories: {},
35 silly install resolved     _resolved: 'https://registry.npmjs.org/webpack/-/webpack-1.12.9.tgz',
35 silly install resolved     readme: 'ERROR: No README data found!' } ]
36 info install webpack@1.12.9 into /usr/lib
37 info installOne webpack@1.12.9
38 verbose installOne of webpack to /usr/lib not in flight; installing
39 verbose lock using /home/depperm/.npm/_locks/webpack-bbebb66ba5f40df9.lock for /usr/lib/node_modules/webpack
40 silly install write writing webpack 1.12.9 to /usr/lib/node_modules/webpack
41 verbose unbuild lib/node_modules/webpack
42 silly gentlyRm /usr/lib/node_modules/webpack is being purged from base /usr
43 verbose gentlyRm don't care about contents; nuking /usr/lib/node_modules/webpack
44 verbose tar unpack /home/depperm/.npm/webpack/1.12.9/package.tgz
45 verbose tar unpacking to /usr/lib/node_modules/webpack
46 silly gentlyRm /usr/lib/node_modules/webpack is being purged
47 verbose gentlyRm don't care about contents; nuking /usr/lib/node_modules/webpack
48 silly gunzTarPerm modes [ '775', '664' ]
49 error tar.unpack untar error /home/depperm/.npm/webpack/1.12.9/package.tgz
50 verbose unlock done using /home/depperm/.npm/_locks/webpack-bbebb66ba5f40df9.lock for /usr/lib/node_modules/webpack
51 verbose fstream_path /usr/lib/node_modules/webpack
52 verbose fstream_type Directory
53 verbose fstream_class DirWriter
54 verbose stack Error: EACCES: permission denied, mkdir '/usr/lib/node_modules/webpack'
54 verbose stack     at Error (native)
55 verbose fstream_stack /usr/lib/node_modules/npm/node_modules/fstream/lib/dir-writer.js:35:25
55 verbose fstream_stack /usr/lib/node_modules/npm/node_modules/mkdirp/index.js:47:53
55 verbose fstream_stack FSReqWrap.oncomplete (fs.js:82:15)
56 verbose cwd /home/depperm/restManager
57 error Linux 3.19.0-31-generic
58 error argv "/usr/bin/nodejs" "/usr/bin/npm" "install" "webpack" "-g"
59 error node v4.2.2
60 error npm  v2.14.7
61 error path /usr/lib/node_modules/webpack
62 error code EACCES
63 error errno -13
64 error syscall mkdir
65 error Error: EACCES: permission denied, mkdir '/usr/lib/node_modules/webpack'
65 error     at Error (native)
65 error  { [Error: EACCES: permission denied, mkdir '/usr/lib/node_modules/webpack']
65 error   errno: -13,
65 error   code: 'EACCES',
65 error   syscall: 'mkdir',
65 error   path: '/usr/lib/node_modules/webpack',
65 error   fstream_type: 'Directory',
65 error   fstream_path: '/usr/lib/node_modules/webpack',
65 error   fstream_class: 'DirWriter',
65 error   fstream_stack:
65 error    [ '/usr/lib/node_modules/npm/node_modules/fstream/lib/dir-writer.js:35:25',
65 error      '/usr/lib/node_modules/npm/node_modules/mkdirp/index.js:47:53',
65 error      'FSReqWrap.oncomplete (fs.js:82:15)' ] }
66 error Please try running this command again as root/Administrator.
67 verbose exit [ -13, true ]
68 verbose unbuild lib/node_modules/webpack
69 silly gentlyRm /usr/lib/node_modules/webpack is being purged from base /usr
70 verbose gentlyRm don't care about contents; nuking /usr/lib/node_modules/webpack
